<?xml version="1.0" encoding="UTF-8"?>
<testng-results ignored="0" total="1" passed="1" failed="0" skipped="0">
  <reporter-output>
  </reporter-output>
  <suite started-at="2020-07-17T16:40:21 GMT-04:00" name="Default suite" finished-at="2020-07-17T16:40:37 GMT-04:00" duration-ms="15946">
    <groups>
    </groups>
    <test started-at="2020-07-17T16:40:21 GMT-04:00" name="Default test" finished-at="2020-07-17T16:40:37 GMT-04:00" duration-ms="15946">
      <class name="com.qa.BankDemo.Tests.NewCustomerPageTest">
        <test-method is-config="true" signature="SetUP()[pri:0, instance:com.qa.BankDemo.Tests.NewCustomerPageTest@72a7c7e0]" started-at="2020-07-17T16:40:21 GMT-04:00" name="SetUP" finished-at="2020-07-17T16:40:31 GMT-04:00" duration-ms="9871" status="PASS">
          <reporter-output>
          </reporter-output>
        </test-method> <!-- SetUP -->
        <test-method signature="verify_adding_NewCustomer(java.lang.String, java.lang.String, java.lang.String, java.lang.String, java.lang.String, java.lang.String, java.lang.String, java.lang.String, java.lang.String)[pri:0, instance:com.qa.BankDemo.Tests.NewCustomerPageTest@72a7c7e0]" started-at="2020-07-17T16:40:31 GMT-04:00" name="verify_adding_NewCustomer" data-provider="getData11" finished-at="2020-07-17T16:40:37 GMT-04:00" duration-ms="5450" status="PASS">
          <params>
            <param index="0">
              <value>
                <![CDATA[Virendra]]>
              </value>
            </param>
            <param index="1">
              <value>
                <![CDATA[41565.0]]>
              </value>
            </param>
            <param index="2">
              <value>
                <![CDATA[Jamnagar]]>
              </value>
            </param>
            <param index="3">
              <value>
                <![CDATA[Jamnagar]]>
              </value>
            </param>
            <param index="4">
              <value>
                <![CDATA[Gujarat]]>
              </value>
            </param>
            <param index="5">
              <value>
                <![CDATA[567321.0]]>
              </value>
            </param>
            <param index="6">
              <value>
                <![CDATA[123490.0]]>
              </value>
            </param>
            <param index="7">
              <value>
                <![CDATA[virendra@gmail.com]]>
              </value>
            </param>
            <param index="8">
              <value>
                <![CDATA[v123456]]>
              </value>
            </param>
          </params>
          <reporter-output>
          </reporter-output>
        </test-method> <!-- verify_adding_NewCustomer -->
      </class> <!-- com.qa.BankDemo.Tests.NewCustomerPageTest -->
    </test> <!-- Default test -->
  </suite> <!-- Default suite -->
</testng-results>
